<?xml version="1.0" encoding="UTF-8"?>
<!-- Generated by org.testng.reporters.JUnitXMLReporter -->
<testsuite ignored="0" hostname="Subs-Machine" failures="1" tests="1" name="Test" time="7.708" errors="0" timestamp="2022-05-07T22:27:27 IST">
  <testcase classname="banking.LoginPageTest" name="clickOnDemoBank" time="2.619">
    <failure type="org.openqa.selenium.support.ui.UnexpectedTagNameException" message="Element should have been &amp;quot;select&amp;quot; but was &amp;quot;div&amp;quot;
Build info: version: &amp;apos;4.1.1&amp;apos;, revision: &amp;apos;e8fcc2cecf&amp;apos;
System info: host: &amp;apos;SUBS-MACHINE&amp;apos;, ip: &amp;apos;192.168.29.179&amp;apos;, os.name: &amp;apos;Windows 11&amp;apos;, os.arch: &amp;apos;amd64&amp;apos;, os.version: &amp;apos;10.0&amp;apos;, java.version: &amp;apos;17.0.2&amp;apos;
Driver info: driver.version: unknown">
      <![CDATA[org.openqa.selenium.support.ui.UnexpectedTagNameException: Element should have been "select" but was "div"
Build info: version: '4.1.1', revision: 'e8fcc2cecf'
System info: host: 'SUBS-MACHINE', ip: '192.168.29.179', os.name: 'Windows 11', os.arch: 'amd64', os.version: '10.0', java.version: '17.0.2'
Driver info: driver.version: unknown
at org.openqa.selenium.support.ui.Select.<init>(Select.java:49)
at banking.LoginPageTest.clickOnDemoBank(LoginPageTest.java:62)
at java.base/java.util.ArrayList.forEach(ArrayList.java:1511)
... Removed 27 stack frames]]>
    </failure>
  </testcase> <!-- clickOnDemoBank -->
</testsuite> <!-- Test -->
